<?xml version="1.0" encoding="UTF-8"?>
<!-- Generated by org.testng.reporters.JUnitReportReporter -->
<testsuite hostname="Bilquiss-MBP" name="MyRunner.TestRunner" tests="1" failures="0" timestamp="20 Oct 2020 15:26:18 GMT" time="13.725" errors="0">
  <testcase name="feature" time="13.725" classname="MyRunner.TestRunner"/>
</testsuite> <!-- MyRunner.TestRunner -->
