<?xml version="1.0" encoding="UTF-8"?>
<!-- Generated by org.testng.reporters.JUnitReportReporter -->
<testsuite skipped="0" hostname="Bilquiss-MBP" name="MyRunner.TestRunner" tests="1" failures="0" timestamp="20 Oct 2020 15:33:04 GMT" time="14.527" errors="0">
  <testcase name="feature" time="14.527" classname="MyRunner.TestRunner"/>
</testsuite> <!-- MyRunner.TestRunner -->
