<?xml version="1.0" encoding="UTF-8"?>
<!-- Generated by org.testng.reporters.JUnitReportReporter -->
<testsuite skipped="0" hostname="Bilquiss-MBP" name="MyRunner.TestRunner" tests="1" failures="0" timestamp="21 Oct 2020 02:51:18 GMT" time="13.893" errors="0">
  <testcase name="feature" time="13.893" classname="MyRunner.TestRunner"/>
</testsuite> <!-- MyRunner.TestRunner -->
